#
# There is insufficient memory for the Java Runtime Environment to continue.
# Native memory allocation (malloc) failed to allocate 120976 bytes for Chunk::new
# Possible reasons:
#   The system is out of physical RAM or swap space
#   In 32 bit mode, the process size limit was hit
# Possible solutions:
#   Reduce memory load on the system
#   Increase physical memory or swap space
#   Check if swap backing store is full
#   Use 64 bit Java on a 64 bit OS
#   Decrease Java heap size (-Xmx/-Xms)
#   Decrease number of Java threads
#   Decrease Java thread stack sizes (-Xss)
#   Set larger code cache with -XX:ReservedCodeCacheSize=
# This output file may be truncated or incomplete.
#
#  Out of Memory Error (allocation.cpp:390), pid=37556, tid=0x0000000000001c04
#
# JRE version: Java(TM) SE Runtime Environment (8.0_144-b01) (build 1.8.0_144-b01)
# Java VM: Java HotSpot(TM) 64-Bit Server VM (25.144-b01 mixed mode windows-amd64 compressed oops)
# Failed to write core dump. Minidumps are not enabled by default on client versions of Windows
#

---------------  T H R E A D  ---------------

Current thread (0x000000001989f800):  JavaThread "C2 CompilerThread2" daemon [_thread_in_native, id=7172, stack(0x000000001a2c0000,0x000000001a3c0000)]

Stack: [0x000000001a2c0000,0x000000001a3c0000]
[error occurred during error reporting (printing stack bounds), id 0xc0000005]

Native frames: (J=compiled Java code, j=interpreted, Vv=VM code, C=native code)


Current CompileTask:
C2:   6227 1547       4       java.io.DataInputStream::readUTF (501 bytes)


---------------  P R O C E S S  ---------------

Java Threads: ( => current thread )
  0x000000001aba6000 JavaThread "AWT-Windows" daemon [_thread_in_native, id=44240, stack(0x000000001da10000,0x000000001db10000)]
  0x000000001aba5000 JavaThread "AWT-Shutdown" [_thread_blocked, id=2872, stack(0x000000001d910000,0x000000001da10000)]
  0x000000001aba2800 JavaThread "Java2D Disposer" daemon [_thread_blocked, id=50840, stack(0x000000001d810000,0x000000001d910000)]
  0x000000001c203800 JavaThread "Okio Watchdog" daemon [_thread_blocked, id=50444, stack(0x000000001d310000,0x000000001d410000)]
  0x000000001beac800 JavaThread "OkHttp ConnectionPool" daemon [_thread_blocked, id=51696, stack(0x000000001d210000,0x000000001d310000)]
  0x000000001ad71000 JavaThread "Keep-Alive-Timer" daemon [_thread_blocked, id=50172, stack(0x000000001bc40000,0x000000001bd40000)]
  0x000000001ad4a000 JavaThread "Exec Stream Pumper" daemon [_thread_in_native, id=18964, stack(0x000000001bb40000,0x000000001bc40000)]
  0x000000001ad35000 JavaThread "Exec Stream Pumper" daemon [_thread_in_native, id=48048, stack(0x000000001ba40000,0x000000001bb40000)]
  0x000000001ad37000 JavaThread "UrlChecker-2" daemon [_thread_blocked, id=45860, stack(0x000000001b940000,0x000000001ba40000)]
  0x000000001acf0000 JavaThread "Exec Default Executor" daemon [_thread_in_native, id=43096, stack(0x000000001b840000,0x000000001b940000)]
  0x0000000019c2d000 JavaThread "ReaderThread" [_thread_in_native, id=34064, stack(0x000000001b340000,0x000000001b440000)]
  0x000000001991c800 JavaThread "Service Thread" daemon [_thread_blocked, id=14592, stack(0x000000001a4c0000,0x000000001a5c0000)]
  0x00000000198a3800 JavaThread "C1 CompilerThread3" daemon [_thread_blocked, id=46580, stack(0x000000001a3c0000,0x000000001a4c0000)]
=>0x000000001989f800 JavaThread "C2 CompilerThread2" daemon [_thread_in_native, id=7172, stack(0x000000001a2c0000,0x000000001a3c0000)]
  0x0000000019897000 JavaThread "C2 CompilerThread1" daemon [_thread_blocked, id=31356, stack(0x000000001a1c0000,0x000000001a2c0000)]
  0x0000000019895000 JavaThread "C2 CompilerThread0" daemon [_thread_blocked, id=49176, stack(0x000000001a0c0000,0x000000001a1c0000)]
  0x000000001988b800 JavaThread "Attach Listener" daemon [_thread_blocked, id=39104, stack(0x0000000019fc0000,0x000000001a0c0000)]
  0x000000001988a000 JavaThread "Signal Dispatcher" daemon [_thread_blocked, id=36104, stack(0x0000000019ec0000,0x0000000019fc0000)]
  0x0000000019880800 JavaThread "Finalizer" daemon [_thread_blocked, id=46420, stack(0x0000000019c60000,0x0000000019d60000)]
  0x000000001796d000 JavaThread "Reference Handler" daemon [_thread_blocked, id=37320, stack(0x0000000019760000,0x0000000019860000)]
  0x00000000028f2800 JavaThread "main" [_thread_in_native, id=18672, stack(0x0000000002780000,0x0000000002880000)]

Other Threads:
  0x0000000017969000 VMThread [stack: 0x0000000019660000,0x0000000019760000] [id=46212]
  0x0000000019942000 WatcherThread [stack: 0x000000001a5c0000,0x000000001a6c0000] [id=30240]

VM state:not at safepoint (normal execution)

VM Mutex/Monitor currently owned by a thread: None

Heap:
 PSYoungGen      total 38400K, used 31275K [0x00000000d5f00000, 0x00000000d8980000, 0x0000000100000000)
  eden space 33280K, 78% used [0x00000000d5f00000,0x00000000d78927e0,0x00000000d7f80000)
  from space 5120K, 99% used [0x00000000d7f80000,0x00000000d8478528,0x00000000d8480000)
  to   space 5120K, 0% used [0x00000000d8480000,0x00000000d8480000,0x00000000d8980000)
 ParOldGen       total 87552K, used 1459K [0x0000000081c00000, 0x0000000087180000, 0x00000000d5f00000)
  object space 87552K, 1% used [0x0000000081c00000,0x0000000081d6cd00,0x0000000087180000)
 Metaspace       used 18585K, capacity 19336K, committed 19456K, reserved 1067008K
  class space    used 2275K, capacity 2474K, committed 2560K, reserved 1048576K

Card table byte_map: [0x0000000011db0000,0x00000000121b0000] byte_map_base: 0x00000000119a2000

Marking Bits: (ParMarkBitMap*) 0x0000000059f4d850
 Begin Bits: [0x0000000012c60000, 0x0000000014bf0000)
 End Bits:   [0x0000000014bf0000, 0x0000000016b80000)

Polling page: 0x0000000002700000

CodeCache: size=245760Kb used=5224Kb max_used=5231Kb free=240535Kb
 bounds [0x00000000029f0000, 0x0000000002f20000, 0x00000000119f0000]
 total_blobs=2030 nmethods=1555 adapters=388
 compilation: enabled

Compilation events (10 events):
Event: 6.209 Thread 0x0000000019897000 nmethod 1552 0x0000000002f04710 code [0x0000000002f04860, 0x0000000002f048e8]
Event: 6.221 Thread 0x00000000198a3800 1553       3       java.util.Collections::unmodifiableList (27 bytes)
Event: 6.222 Thread 0x0000000019895000 nmethod 1550 0x0000000002f0eb50 code [0x0000000002f0ed00, 0x0000000002f0fa40]
Event: 6.222 Thread 0x00000000198a3800 nmethod 1553 0x0000000002f0b050 code [0x0000000002f0b220, 0x0000000002f0ba78]
Event: 6.222 Thread 0x00000000198a3800 1554       1       java.lang.invoke.MethodHandle::internalForm (5 bytes)
Event: 6.222 Thread 0x00000000198a3800 nmethod 1554 0x0000000002f0ad90 code [0x0000000002f0aee0, 0x0000000002f0aff0]
Event: 6.223 Thread 0x00000000198a3800 1555       3       java.lang.invoke.DirectMethodHandle::shouldBeInitialized (123 bytes)
Event: 6.223 Thread 0x00000000198a3800 nmethod 1555 0x0000000002f0a310 code [0x0000000002f0a4e0, 0x0000000002f0ac28]
Event: 6.223 Thread 0x00000000198a3800 1556       1       java.lang.invoke.SimpleMethodHandle::fieldCount (2 bytes)
Event: 6.223 Thread 0x00000000198a3800 nmethod 1556 0x0000000002f0a050 code [0x0000000002f0a1a0, 0x0000000002f0a2b0]

GC Heap History (2 events):
Event: 1.248 GC heap before
{Heap before GC invocations=1 (full 0):
 PSYoungGen      total 38400K, used 33280K [0x00000000d5f00000, 0x00000000d8980000, 0x0000000100000000)
  eden space 33280K, 100% used [0x00000000d5f00000,0x00000000d7f80000,0x00000000d7f80000)
  from space 5120K, 0% used [0x00000000d8480000,0x00000000d8480000,0x00000000d8980000)
  to   space 5120K, 0% used [0x00000000d7f80000,0x00000000d7f80000,0x00000000d8480000)
 ParOldGen       total 87552K, used 0K [0x0000000081c00000, 0x0000000087180000, 0x00000000d5f00000)
  object space 87552K, 0% used [0x0000000081c00000,0x0000000081c00000,0x0000000087180000)
 Metaspace       used 12679K, capacity 12870K, committed 13184K, reserved 1060864K
  class space    used 1465K, capacity 1543K, committed 1664K, reserved 1048576K
Event: 1.257 GC heap after
Heap after GC invocations=1 (full 0):
 PSYoungGen      total 38400K, used 5089K [0x00000000d5f00000, 0x00000000d8980000, 0x0000000100000000)
  eden space 33280K, 0% used [0x00000000d5f00000,0x00000000d5f00000,0x00000000d7f80000)
  from space 5120K, 99% used [0x00000000d7f80000,0x00000000d8478528,0x00000000d8480000)
  to   space 5120K, 0% used [0x00000000d8480000,0x00000000d8480000,0x00000000d8980000)
 ParOldGen       total 87552K, used 1459K [0x0000000081c00000, 0x0000000087180000, 0x00000000d5f00000)
  object space 87552K, 1% used [0x0000000081c00000,0x0000000081d6cd00,0x0000000087180000)
 Metaspace       used 12679K, capacity 12870K, committed 13184K, reserved 1060864K
  class space    used 1465K, capacity 1543K, committed 1664K, reserved 1048576K
}

Deoptimization events (10 events):
Event: 2.031 Thread 0x00000000028f2800 Uncommon trap: reason=class_check action=maybe_recompile pc=0x0000000002da4d74 method=java.util.regex.Pattern$Curly.match(Ljava/util/regex/Matcher;ILjava/lang/CharSequence;)Z @ 19
Event: 2.031 Thread 0x00000000028f2800 Uncommon trap: reason=class_check action=maybe_recompile pc=0x0000000002dda804 method=java.util.regex.Matcher.search(I)Z @ 86
Event: 2.031 Thread 0x00000000028f2800 Uncommon trap: reason=class_check action=maybe_recompile pc=0x0000000002dda804 method=java.util.regex.Matcher.search(I)Z @ 86
Event: 2.031 Thread 0x00000000028f2800 Uncommon trap: reason=class_check action=maybe_recompile pc=0x0000000002dda804 method=java.util.regex.Matcher.search(I)Z @ 86
Event: 2.031 Thread 0x00000000028f2800 Uncommon trap: reason=class_check action=maybe_recompile pc=0x0000000002da4d74 method=java.util.regex.Pattern$Curly.match(Ljava/util/regex/Matcher;ILjava/lang/CharSequence;)Z @ 19
Event: 2.039 Thread 0x00000000028f2800 Uncommon trap: reason=class_check action=maybe_recompile pc=0x0000000002da4d74 method=java.util.regex.Pattern$Curly.match(Ljava/util/regex/Matcher;ILjava/lang/CharSequence;)Z @ 19
Event: 2.039 Thread 0x00000000028f2800 Uncommon trap: reason=class_check action=maybe_recompile pc=0x0000000002da4d74 method=java.util.regex.Pattern$Curly.match(Ljava/util/regex/Matcher;ILjava/lang/CharSequence;)Z @ 19
Event: 2.095 Thread 0x00000000028f2800 Uncommon trap: reason=unstable_if action=reinterpret pc=0x0000000002d19f9c method=java.util.regex.Pattern$BmpCharProperty.match(Ljava/util/regex/Matcher;ILjava/lang/CharSequence;)Z @ 34
Event: 5.973 Thread 0x00000000028f2800 Uncommon trap: reason=unstable_if action=reinterpret pc=0x0000000002eccd20 method=java.util.concurrent.ConcurrentHashMap.get(Ljava/lang/Object;)Ljava/lang/Object; @ 76
Event: 6.224 Thread 0x00000000028f2800 Uncommon trap: reason=unstable_if action=reinterpret pc=0x0000000002f0f8a4 method=java.util.concurrent.ConcurrentHashMap.putVal(Ljava/lang/Object;Ljava/lang/Object;Z)Ljava/lang/Object; @ 206

Internal exceptions (10 events):
Event: 1.894 Thread 0x00000000028f2800 Exception <a 'java/lang/NoSuchMethodError': java.lang.Object.lambda$or$2(Ljava/util/function/Predicate;Ljava/lang/Object;)Z> (0x00000000d65c8bc8) thrown at [C:\re\workspace\8-2-build-windows-amd64-cygwin\jdk8u144\9417\hotspot\src\share\vm\interpreter\link
Event: 1.970 Thread 0x00000000028f2800 Exception <a 'java/lang/NoSuchMethodError': java.lang.Object.lambda$chars$0()Ljava/util/Spliterator$OfInt;> (0x00000000d68fccf8) thrown at [C:\re\workspace\8-2-build-windows-amd64-cygwin\jdk8u144\9417\hotspot\src\share\vm\interpreter\linkResolver.cpp, lin
Event: 2.866 Thread 0x00000000028f2800 Exception <a 'java/lang/NoSuchMethodError': java.lang.Object.lambda$getResponseFunction$0(Lorg/openqa/selenium/remote/InitialHandshakeResponse;)Lorg/openqa/selenium/remote/ProtocolHandshake$Result;> (0x00000000d7316410) thrown at [C:\re\workspace\8-2-buil
Event: 2.927 Thread 0x00000000028f2800 Exception <a 'java/net/SocketTimeoutException': Read timed out> (0x00000000d747d8e8) thrown at [C:\re\workspace\8-2-build-windows-amd64-cygwin\jdk8u144\9417\hotspot\src\share\vm\prims\jni.cpp, line 735]
Event: 3.053 Thread 0x00000000028f2800 Exception <a 'java/net/SocketTimeoutException': Read timed out> (0x00000000d748ba68) thrown at [C:\re\workspace\8-2-build-windows-amd64-cygwin\jdk8u144\9417\hotspot\src\share\vm\prims\jni.cpp, line 735]
Event: 3.068 Thread 0x00000000028f2800 Exception <a 'java/net/SocketTimeoutException': Read timed out> (0x00000000d74a8da0) thrown at [C:\re\workspace\8-2-build-windows-amd64-cygwin\jdk8u144\9417\hotspot\src\share\vm\prims\jni.cpp, line 735]
Event: 3.072 Thread 0x00000000028f2800 Exception <a 'java/net/SocketTimeoutException': Read timed out> (0x00000000d74bcbe0) thrown at [C:\re\workspace\8-2-build-windows-amd64-cygwin\jdk8u144\9417\hotspot\src\share\vm\prims\jni.cpp, line 735]
Event: 3.076 Thread 0x00000000028f2800 Exception <a 'java/net/SocketTimeoutException': Read timed out> (0x00000000d74d50d8) thrown at [C:\re\workspace\8-2-build-windows-amd64-cygwin\jdk8u144\9417\hotspot\src\share\vm\prims\jni.cpp, line 735]
Event: 6.062 Thread 0x00000000028f2800 Exception <a 'java/io/FileNotFoundException'> (0x00000000d770dc00) thrown at [C:\re\workspace\8-2-build-windows-amd64-cygwin\jdk8u144\9417\hotspot\src\share\vm\prims\jni.cpp, line 709]
Event: 6.102 Thread 0x00000000028f2800 Exception <a 'java/io/FileNotFoundException'> (0x00000000d772f9a0) thrown at [C:\re\workspace\8-2-build-windows-amd64-cygwin\jdk8u144\9417\hotspot\src\share\vm\prims\jni.cpp, line 709]

Events (10 events):
Event: 6.221 loading class java/time/chrono/IsoChronology done
Event: 6.223 loading class java/time/chrono/ChronoZonedDateTime
Event: 6.223 loading class java/time/chrono/ChronoZonedDateTime done
Event: 6.224 Thread 0x00000000028f2800 Uncommon trap: trap_request=0xffffff65 fr.pc=0x0000000002f0f8a4
Event: 6.224 Executing VM operation: RevokeBias
Event: 6.224 Executing VM operation: RevokeBias done
Event: 6.224 Thread 0x00000000028f2800 DEOPT PACKING pc=0x0000000002f0f8a4 sp=0x000000000287db70
Event: 6.224 Thread 0x00000000028f2800 DEOPT UNPACKING pc=0x0000000002a3582a sp=0x000000000287db00 mode 2
Event: 6.224 loading class org/openqa/selenium/support/ui/Sleeper
Event: 6.224 loading class org/openqa/selenium/support/ui/Sleeper done


Dynamic libraries:
0x00007ff731860000 - 0x00007ff731897000 	C:\Users\nikhil.kharkhodia\Desktop\jdk1.8.0_144\bin\javaw.exe
0x00007ff938a90000 - 0x00007ff938c85000 	C:\Windows\SYSTEM32\ntdll.dll
0x00007ff938900000 - 0x00007ff9389bd000 	C:\Windows\System32\KERNEL32.DLL
0x00007ff936490000 - 0x00007ff936759000 	C:\Windows\System32\KERNELBASE.dll
0x00007ff9372a0000 - 0x00007ff93734c000 	C:\Windows\System32\ADVAPI32.dll
0x00007ff937550000 - 0x00007ff9375ee000 	C:\Windows\System32\msvcrt.dll
0x00007ff9370d0000 - 0x00007ff93716c000 	C:\Windows\System32\sechost.dll
0x00007ff937170000 - 0x00007ff93729b000 	C:\Windows\System32\RPCRT4.dll
0x00007ff936af0000 - 0x00007ff936c90000 	C:\Windows\System32\USER32.dll
0x00007ff9367c0000 - 0x00007ff9367e2000 	C:\Windows\System32\win32u.dll
0x00007ff937d50000 - 0x00007ff937d7a000 	C:\Windows\System32\GDI32.dll
0x00007ff936840000 - 0x00007ff93694b000 	C:\Windows\System32\gdi32full.dll
0x00007ff936a50000 - 0x00007ff936aed000 	C:\Windows\System32\msvcp_win.dll
0x00007ff936950000 - 0x00007ff936a50000 	C:\Windows\System32\ucrtbase.dll
0x00007ff91e9c0000 - 0x00007ff91ec5a000 	C:\Windows\WinSxS\amd64_microsoft.windows.common-controls_6595b64144ccf1df_6.0.19041.844_none_ca00b6081b84eb1d\COMCTL32.dll
0x00007ff938a20000 - 0x00007ff938a50000 	C:\Windows\System32\IMM32.DLL
0x00007ff912910000 - 0x00007ff9129b4000 	C:\Program Files\McAfee\Endpoint Security\Threat Prevention\Ips\EpMPApi.dll
0x00007ff936760000 - 0x00007ff9367c0000 	C:\Windows\System32\WINTRUST.dll
0x00007ff936200000 - 0x00007ff93635f000 	C:\Windows\System32\CRYPT32.dll
0x00007ff935dc0000 - 0x00007ff935dd2000 	C:\Windows\SYSTEM32\MSASN1.dll
0x000000005c490000 - 0x000000005c49c000 	C:\Program Files\McAfee\Endpoint Security\Threat Prevention\Ips\EpMPThe.dll
0x000000005bbf0000 - 0x000000005bcc2000 	C:\Users\nikhil.kharkhodia\Desktop\jdk1.8.0_144\jre\bin\msvcr100.dll
0x0000000059730000 - 0x0000000059fcd000 	C:\Users\nikhil.kharkhodia\Desktop\jdk1.8.0_144\jre\bin\server\jvm.dll
0x00007ff936d60000 - 0x00007ff936d68000 	C:\Windows\System32\PSAPI.DLL
0x00007ff91d670000 - 0x00007ff91d697000 	C:\Windows\SYSTEM32\WINMM.dll
0x00007ff933550000 - 0x00007ff933559000 	C:\Windows\SYSTEM32\WSOCK32.dll
0x00007ff92f0e0000 - 0x00007ff92f0ea000 	C:\Windows\SYSTEM32\VERSION.dll
0x00007ff938140000 - 0x00007ff9381ab000 	C:\Windows\System32\WS2_32.dll
0x000000005cf00000 - 0x000000005cf0f000 	C:\Users\nikhil.kharkhodia\Desktop\jdk1.8.0_144\jre\bin\verify.dll
0x000000005c4b0000 - 0x000000005c4d9000 	C:\Users\nikhil.kharkhodia\Desktop\jdk1.8.0_144\jre\bin\java.dll
0x000000005bbd0000 - 0x000000005bbe6000 	C:\Users\nikhil.kharkhodia\Desktop\jdk1.8.0_144\jre\bin\zip.dll
0x00007ff9381b0000 - 0x00007ff9388f2000 	C:\Windows\System32\SHELL32.dll
0x00007ff934230000 - 0x00007ff9349c0000 	C:\Windows\SYSTEM32\windows.storage.dll
0x00007ff936d70000 - 0x00007ff9370c5000 	C:\Windows\System32\combase.dll
0x00007ff935c40000 - 0x00007ff935c6c000 	C:\Windows\SYSTEM32\Wldp.dll
0x00007ff9375f0000 - 0x00007ff93769e000 	C:\Windows\System32\SHCORE.dll
0x0000000019e60000 - 0x0000000019eb5000 	C:\Windows\System32\shlwapi.dll
0x00007ff936110000 - 0x00007ff93612f000 	C:\Windows\SYSTEM32\profapi.dll
0x000000005bbb0000 - 0x000000005bbca000 	C:\Users\nikhil.kharkhodia\Desktop\jdk1.8.0_144\jre\bin\net.dll
0x00007ff9359c0000 - 0x00007ff935a2a000 	C:\Windows\system32\mswsock.dll
0x00007ff9356b0000 - 0x00007ff93577b000 	C:\Windows\SYSTEM32\DNSAPI.dll
0x00007ff935660000 - 0x00007ff93569b000 	C:\Windows\SYSTEM32\IPHLPAPI.DLL
0x00007ff937b90000 - 0x00007ff937b98000 	C:\Windows\System32\NSI.dll
0x00007ff92a040000 - 0x00007ff92a04a000 	C:\Windows\System32\rasadhlp.dll
0x00007ff930c10000 - 0x00007ff930c8f000 	C:\Windows\System32\fwpuclnt.dll
0x00007ff9361d0000 - 0x00007ff9361f7000 	C:\Windows\System32\bcrypt.dll
0x00007ff935b90000 - 0x00007ff935ba8000 	C:\Windows\SYSTEM32\CRYPTSP.dll
0x00007ff9352f0000 - 0x00007ff935324000 	C:\Windows\system32\rsaenh.dll
0x00007ff9360d0000 - 0x00007ff9360fe000 	C:\Windows\SYSTEM32\USERENV.dll
0x00007ff936410000 - 0x00007ff936490000 	C:\Windows\System32\bcryptprimitives.dll
0x00007ff935bb0000 - 0x00007ff935bbc000 	C:\Windows\SYSTEM32\CRYPTBASE.dll
0x00007ff9308c0000 - 0x00007ff9308d7000 	C:\Windows\SYSTEM32\dhcpcsvc6.DLL
0x00007ff930720000 - 0x00007ff93073d000 	C:\Windows\SYSTEM32\dhcpcsvc.DLL
0x000000005bb90000 - 0x000000005bba1000 	C:\Users\nikhil.kharkhodia\Desktop\jdk1.8.0_144\jre\bin\nio.dll
0x000000005bb60000 - 0x000000005bb84000 	C:\Users\nikhil.kharkhodia\Desktop\jdk1.8.0_144\jre\bin\sunec.dll
0x000000005c4a0000 - 0x000000005c4ab000 	C:\Users\nikhil.kharkhodia\Desktop\jdk1.8.0_144\jre\bin\sunmscapi.dll
0x000000005b9c0000 - 0x000000005bb58000 	C:\Users\nikhil.kharkhodia\Desktop\jdk1.8.0_144\jre\bin\awt.dll
0x00007ff937350000 - 0x00007ff93741d000 	C:\Windows\System32\OLEAUT32.dll
0x00007ff933100000 - 0x00007ff933190000 	C:\Windows\SYSTEM32\apphelp.dll
0x00007ff933ab0000 - 0x00007ff933adf000 	C:\Windows\system32\DWMAPI.DLL
0x00007ff933600000 - 0x00007ff93369e000 	C:\Windows\system32\uxtheme.dll
0x00007ff903700000 - 0x00007ff903826000 	C:\Windows\system32\opengl32.dll
0x00007ff925970000 - 0x00007ff92599c000 	C:\Windows\SYSTEM32\GLU32.dll
0x00007ff937f30000 - 0x00007ff938045000 	C:\Windows\System32\MSCTF.dll
0x00007ff937420000 - 0x00007ff93754a000 	C:\Windows\System32\ole32.dll
0x00007ff934ae0000 - 0x00007ff934af2000 	C:\Windows\SYSTEM32\kernel.appcore.dll

VM Arguments:
jvm_args: -ea -Dfile.encoding=Cp1252 
java_command: org.testng.remote.RemoteTestNG -serport 58031 -protocol json -d D:\NikhilPropertyProject\Property24\test-output D:\NikhilPropertyProject\Property24\testng.xml
java_class_path (initial): C:\Users\nikhil.kharkhodia\Desktop\eclipse\configuration\org.eclipse.osgi\496\0\.cp\lib\testng-remote.jar;D:\NikhilPropertyProject\Property24\target\test-classes;D:\NikhilPropertyProject\Property24\target\classes;C:\Users\nikhil.kharkhodia\.m2\repository\junit\junit\3.8.1\junit-3.8.1.jar;C:\Users\nikhil.kharkhodia\.m2\repository\org\seleniumhq\selenium\selenium-java\3.141.59\selenium-java-3.141.59.jar;C:\Users\nikhil.kharkhodia\.m2\repository\org\seleniumhq\selenium\selenium-api\3.141.59\selenium-api-3.141.59.jar;C:\Users\nikhil.kharkhodia\.m2\repository\org\seleniumhq\selenium\selenium-chrome-driver\3.141.59\selenium-chrome-driver-3.141.59.jar;C:\Users\nikhil.kharkhodia\.m2\repository\org\seleniumhq\selenium\selenium-edge-driver\3.141.59\selenium-edge-driver-3.141.59.jar;C:\Users\nikhil.kharkhodia\.m2\repository\org\seleniumhq\selenium\selenium-firefox-driver\3.141.59\selenium-firefox-driver-3.141.59.jar;C:\Users\nikhil.kharkhodia\.m2\repository\org\seleniumhq\selenium\selenium-ie-driver\3.141.59\selenium-ie-driver-3.141.59.jar;C:\Users\nikhil.kharkhodia\.m2\repository\org\seleniumhq\selenium\selenium-opera-driver\3.141.59\selenium-opera-driver-3.141.59.jar;C:\Users\nikhil.kharkhodia\.m2\repository\org\seleniumhq\selenium\selenium-remote-driver\3.141.59\selenium-remote-driver-3.141.59.jar;C:\Users\nikhil.kharkhodia\.m2\repository\org\seleniumhq\selenium\selenium-safari-driver\3.141.59\selenium-safari-driver-3.141.59.jar;C:\Users\nikhil.kharkhodia\.m2\repository\org\seleniumhq\selenium\selenium-support\3.141.59\selenium-support-3.141.59.jar;C:\Users\nikhil.kharkhodia\.m2\repository\net\bytebuddy\byte-buddy\1.8.15\byte-buddy-1.8.15.jar;C:\Users\nikhil.kharkhodia\.m2\repository\org\apache\commons\commons-exec\1.3\commons-exec-1.3.jar;C:\Users\nikhil.kharkhodia\.m2\repository\com\google\guava\guava\25.0-jre\guava-25.0-jre.jar;C:\Users\nikhil.kharkhodia\.m2\repository\com\google\code\findbugs\jsr305\1.3.9\jsr305-1.3.9.jar;C:\Users\nikhil.kha
Launcher Type: SUN_STANDARD

Environment Variables:
PATH=C:/Program Files/Java/jre1.8.0_241/bin/server;C:/Program Files/Java/jre1.8.0_241/bin;C:/Program Files/Java/jre1.8.0_241/lib/amd64;C:\Program Files (x86)\Common Files\Oracle\Java\javapath;C:\Windows\system32;C:\Windows;C:\Windows\System32\Wbem;C:\Windows\System32\WindowsPowerShell\v1.0\;C:\Windows\System32\OpenSSH\;C:\Program Files\Java\jdk1.8.0_241\bin;C:\Program Files\Java\jre1.8.0_241\bin;C:\Program Files\PuTTY\;C:\Users\nikhil.kharkhodia\AppData\Local\Microsoft\WindowsApps;C:\Users\nikhil.kharkhodia\AppData\Local\Programs\Git\cmd;C:\Users\nikhil.kharkhodia\Desktop\eclipse;
USERNAME=nikhil.kharkhodia
OS=Windows_NT
PROCESSOR_IDENTIFIER=Intel64 Family 6 Model 142 Stepping 10, GenuineIntel



---------------  S Y S T E M  ---------------

OS: Windows 10.0 , 64 bit Build 19041 (10.0.19041.804)

CPU:total 8 (initial active 8) (4 cores per cpu, 2 threads per core) family 6 model 142 stepping 10, cmov, cx8, fxsr, mmx, sse, sse2, sse3, ssse3, sse4.1, sse4.2, popcnt, avx, avx2, aes, clmul, erms, 3dnowpref, lzcnt, ht, tsc, tscinvbit, bmi1, bmi2, adx

Memory: 4k page, physical 8272100k(412956k free), swap 22809740k(1656k free)

vm_info: Java HotSpot(TM) 64-Bit Server VM (25.144-b01) for windows-amd64 JRE (1.8.0_144-b01), built on Jul 21 2017 21:57:33 by "java_re" with MS VC++ 10.0 (VS2010)

time: Thu Apr 22 10:52:16 2021
elapsed time: 6 seconds (0d 0h 0m 6s)

